# JRE version: Java(TM) SE Runtime Environment (8.0_144-b01) (build 1.8.0_144-b01)
# Java VM: Java HotSpot(TM) Client VM (25.144-b01 mixed mode windows-x86 )
Heap:
 def new generation   total 4928K, used 4454K [0x07400000, 0x07950000, 0x0c950000)
  eden space 4416K,  89% used [0x07400000, 0x077db1f8, 0x07850000)
  from space 512K,  98% used [0x078d0000, 0x0794e728, 0x07950000)
  to   space 512K,   0% used [0x07850000, 0x07850000, 0x078d0000)
 tenured generation   total 10944K, used 4946K [0x0c950000, 0x0d400000, 0x17400000)
   the space 10944K,  45% used [0x0c950000, 0x0ce24968, 0x0ce24a00, 0x0d400000)
 Metaspace       used 10894K, capacity 11105K, committed 11136K, reserved 11648K
GC Heap History (10 events):
Event: 3.628 GC heap before
{Heap before GC invocations=18 (full 0):
 def new generation   total 4928K, used 4808K [0x07400000, 0x07950000, 0x0c950000)
  eden space 4416K, 100% used [0x07400000, 0x07850000, 0x07850000)
  from space 512K,  76% used [0x07850000, 0x078b2010, 0x078d0000)
  to   space 512K,   0% used [0x078d0000, 0x078d0000, 0x07950000)
 tenured generation   total 10944K, used 4068K [0x0c950000, 0x0d400000, 0x17400000)
   the space 10944K,  37% used [0x0c950000, 0x0cd49108, 0x0cd49200, 0x0d400000)
 Metaspace       used 9462K, capacity 9672K, committed 9728K, reserved 10624K
Event: 3.630 GC heap after
Heap after GC invocations=19 (full 0):
 def new generation   total 4928K, used 394K [0x07400000, 0x07950000, 0x0c950000)
  eden space 4416K,   0% used [0x07400000, 0x07400000, 0x07850000)
  from space 512K,  76% used [0x078d0000, 0x07932800, 0x07950000)
  to   space 512K,   0% used [0x07850000, 0x07850000, 0x078d0000)
 tenured generation   total 10944K, used 4109K [0x0c950000, 0x0d400000, 0x17400000)
   the space 10944K,  37% used [0x0c950000, 0x0cd535f8, 0x0cd53600, 0x0d400000)
 Metaspace       used 9462K, capacity 9672K, committed 9728K, reserved 10624K
}
Event: 3.676 GC heap before
{Heap before GC invocations=19 (full 0):
 def new generation   total 4928K, used 4810K [0x07400000, 0x07950000, 0x0c950000)
  eden space 4416K, 100% used [0x07400000, 0x07850000, 0x07850000)
  from space 512K,  76% used [0x078d0000, 0x07932800, 0x07950000)
  to   space 512K,   0% used [0x07850000, 0x07850000, 0x078d0000)
 tenured generation   total 10944K, used 4109K [0x0c950000, 0x0d400000, 0x17400000)
   the space 10944K,  37% used [0x0c950000, 0x0cd535f8, 0x0cd53600, 0x0d400000)
 Metaspace       used 9786K, capacity 9992K, committed 10112K, reserved 10624K
Event: 3.679 GC heap after
Heap after GC invocations=20 (full 0):
 def new generation   total 4928K, used 374K [0x07400000, 0x07950000, 0x0c950000)
  eden space 4416K,   0% used [0x07400000, 0x07400000, 0x07850000)
  from space 512K,  73% used [0x07850000, 0x078ada90, 0x078d0000)
  to   space 512K,   0% used [0x078d0000, 0x078d0000, 0x07950000)
 tenured generation   total 10944K, used 4273K [0x0c950000, 0x0d400000, 0x17400000)
   the space 10944K,  39% used [0x0c950000, 0x0cd7c4d0, 0x0cd7c600, 0x0d400000)
 Metaspace       used 9786K, capacity 9992K, committed 10112K, reserved 10624K
}
Event: 3.707 GC heap before
{Heap before GC invocations=20 (full 0):
 def new generation   total 4928K, used 4790K [0x07400000, 0x07950000, 0x0c950000)
  eden space 4416K, 100% used [0x07400000, 0x07850000, 0x07850000)
  from space 512K,  73% used [0x07850000, 0x078ada90, 0x078d0000)
  to   space 512K,   0% used [0x078d0000, 0x078d0000, 0x07950000)
 tenured generation   total 10944K, used 4273K [0x0c950000, 0x0d400000, 0x17400000)
   the space 10944K,  39% used [0x0c950000, 0x0cd7c4d0, 0x0cd7c600, 0x0d400000)
 Metaspace       used 10421K, capacity 10632K, committed 10752K, reserved 11648K
Event: 3.710 GC heap after
Heap after GC invocations=21 (full 0):
 def new generation   total 4928K, used 480K [0x07400000, 0x07950000, 0x0c950000)
  eden space 4416K,   0% used [0x07400000, 0x07400000, 0x07850000)
  from space 512K,  93% used [0x078d0000, 0x079482c8, 0x07950000)
  to   space 512K,   0% used [0x07850000, 0x07850000, 0x078d0000)
 tenured generation   total 10944K, used 4364K [0x0c950000, 0x0d400000, 0x17400000)
   the space 10944K,  39% used [0x0c950000, 0x0cd93080, 0x0cd93200, 0x0d400000)
 Metaspace       used 10421K, capacity 10632K, committed 10752K, reserved 11648K
}
Event: 3.755 GC heap before
{Heap before GC invocations=21 (full 0):
 def new generation   total 4928K, used 4896K [0x07400000, 0x07950000, 0x0c950000)
  eden space 4416K, 100% used [0x07400000, 0x07850000, 0x07850000)
  from space 512K,  93% used [0x078d0000, 0x079482c8, 0x07950000)
  to   space 512K,   0% used [0x07850000, 0x07850000, 0x078d0000)
 tenured generation   total 10944K, used 4364K [0x0c950000, 0x0d400000, 0x17400000)
   the space 10944K,  39% used [0x0c950000, 0x0cd93080, 0x0cd93200, 0x0d400000)
 Metaspace       used 10635K, capacity 10861K, committed 10880K, reserved 11648K
Event: 3.758 GC heap after
Heap after GC invocations=22 (full 0):
 def new generation   total 4928K, used 512K [0x07400000, 0x07950000, 0x0c950000)
  eden space 4416K,   0% used [0x07400000, 0x07400000, 0x07850000)
  from space 512K, 100% used [0x07850000, 0x078d0000, 0x078d0000)
  to   space 512K,   0% used [0x078d0000, 0x078d0000, 0x07950000)
 tenured generation   total 10944K, used 4646K [0x0c950000, 0x0d400000, 0x17400000)
   the space 10944K,  42% used [0x0c950000, 0x0cdd9880, 0x0cdd9a00, 0x0d400000)
 Metaspace       used 10635K, capacity 10861K, committed 10880K, reserved 11648K
}
Event: 3.810 GC heap before
{Heap before GC invocations=22 (full 0):
 def new generation   total 4928K, used 4928K [0x07400000, 0x07950000, 0x0c950000)
  eden space 4416K, 100% used [0x07400000, 0x07850000, 0x07850000)
  from space 512K, 100% used [0x07850000, 0x078d0000, 0x078d0000)
  to   space 512K,   0% used [0x078d0000, 0x078d0000, 0x07950000)
 tenured generation   total 10944K, used 4646K [0x0c950000, 0x0d400000, 0x17400000)
   the space 10944K,  42% used [0x0c950000, 0x0cdd9880, 0x0cdd9a00, 0x0d400000)
 Metaspace       used 10738K, capacity 10940K, committed 11008K, reserved 11648K
Event: 3.813 GC heap after
Heap after GC invocations=23 (full 0):
 def new generation   total 4928K, used 505K [0x07400000, 0x07950000, 0x0c950000)
  eden space 4416K,   0% used [0x07400000, 0x07400000, 0x07850000)
  from space 512K,  98% used [0x078d0000, 0x0794e728, 0x07950000)
  to   space 512K,   0% used [0x07850000, 0x07850000, 0x078d0000)
 tenured generation   total 10944K, used 4946K [0x0c950000, 0x0d400000, 0x17400000)
   the space 10944K,  45% used [0x0c950000, 0x0ce24968, 0x0ce24a00, 0x0d400000)
 Metaspace       used 10738K, capacity 10940K, committed 11008K, reserved 11648K
}

